[2026-03-19 21:49:57] ==================================================
[2026-03-19 21:49:57] ClawX Watchdog v3.0 (Portable)
[2026-03-19 21:49:57] ==================================================
[2026-03-19 21:49:57] Auto-detected paths:
[2026-03-19 21:49:57]   ClawX: C:\Program Files (x86)\ClawX\ClawX.exe
[2026-03-19 21:49:57]   OpenClaw CMD: C:\Program Files (x86)\ClawX\resources\cli\openclaw.cmd
[2026-03-19 21:49:57]   Port: 18789
[2026-03-19 21:49:57] Target: http://127.0.0.1:18789/
[2026-03-19 21:49:57] Strategy:
[2026-03-19 21:49:57]   1. Check ClawX process first
[2026-03-19 21:49:57]   2. Restart gateway if ClawX running
[2026-03-19 21:49:57]   3. Restart ClawX + gateway if needed
[2026-03-19 21:49:57] Max attempts: 3
[2026-03-19 21:49:57] Log cleanup: 1MB max, keep last 500 lines
[2026-03-19 21:49:57] ==================================================
[2026-03-19 21:49:57] Connection OK
[2026-03-19 21:50:08] Connection OK
[2026-03-19 21:50:18] Connection OK
[2026-03-19 21:50:28] Connection OK
[2026-03-19 21:50:38] Connection OK
[2026-03-19 21:50:48] Connection OK
[2026-03-19 21:50:58] Connection OK
[2026-03-19 21:51:10] Connection failed (1/3)
[2026-03-19 21:51:29] Connection failed (2/3)
[2026-03-19 21:51:41] Connection failed (3/3)
[2026-03-19 21:51:41] ClawX process NOT running, starting ClawX...
[2026-03-19 21:51:41] Starting ClawX...
[2026-03-19 21:51:41] ClawX started (independent process)
[2026-03-19 21:51:46] Waiting for ClawX to start (up to 30s)...
[2026-03-19 21:51:58] Connection restored! ClawX auto-recovered
[2026-03-19 21:51:58] Connection OK
[2026-03-19 21:52:08] Connection OK
[2026-03-19 21:52:18] Connection OK
[2026-03-19 21:52:28] Connection OK
[2026-03-19 21:52:38] Connection OK
[2026-03-19 21:52:48] Connection OK
[2026-03-19 21:52:58] Connection OK
[2026-03-19 21:53:08] Connection OK
[2026-03-19 21:53:18] Connection OK
[2026-03-19 21:53:28] Connection OK
[2026-03-19 21:53:38] Connection OK
[2026-03-19 21:53:48] Connection OK
[2026-03-19 21:53:58] Connection OK
[2026-03-19 21:54:08] Connection OK
[2026-03-19 21:54:18] Connection OK
[2026-03-19 21:54:28] Connection OK
[2026-03-19 21:54:38] Connection OK
[2026-03-19 21:54:48] Connection OK
[2026-03-19 21:54:58] Connection OK
[2026-03-19 21:55:08] Connection OK
[2026-03-19 21:55:18] Connection OK
[2026-03-19 21:55:28] Connection OK
[2026-03-19 21:55:38] Connection OK
[2026-03-19 21:55:48] Connection OK
[2026-03-19 21:55:58] Connection OK
[2026-03-19 21:56:08] Connection OK
[2026-03-19 21:56:18] Connection OK
[2026-03-19 21:56:28] Connection OK
[2026-03-19 21:56:38] Connection OK
[2026-03-19 21:56:48] Connection OK
[2026-03-19 21:57:03] Connection failed (1/3)
[2026-03-19 21:57:13] Connection restored!
[2026-03-19 21:57:24] Connection OK
[2026-03-19 21:57:34] Connection OK
[2026-03-19 21:57:44] Connection OK
[2026-03-19 21:57:54] Connection OK
[2026-03-19 21:58:04] Connection OK
[2026-03-19 21:58:14] Connection OK
[2026-03-19 21:58:24] Connection OK
[2026-03-19 21:58:34] Connection OK
[2026-03-19 21:58:44] Connection OK
[2026-03-19 21:58:54] Connection OK
[2026-03-19 21:59:04] Connection OK
[2026-03-19 21:59:14] Connection OK
[2026-03-19 21:59:24] Connection OK
[2026-03-19 21:59:34] Connection OK
[2026-03-19 21:59:44] Connection OK
[2026-03-19 21:59:54] Connection OK
[2026-03-19 22:00:04] Connection OK
[2026-03-19 22:00:14] Connection OK
[2026-03-19 22:00:24] Connection OK
[2026-03-19 22:00:34] Connection OK
[2026-03-19 22:00:44] Connection OK
[2026-03-19 22:00:54] Connection OK
[2026-03-19 22:01:04] Connection OK
[2026-03-19 22:01:14] Connection OK
[2026-03-19 22:01:24] Connection OK
[2026-03-19 22:01:34] Connection OK
[2026-03-19 22:01:44] Connection OK
[2026-03-19 22:01:54] Connection OK
[2026-03-19 22:02:04] Connection OK
[2026-03-19 22:02:14] Connection OK
[2026-03-19 22:02:24] Connection OK
[2026-03-19 22:02:34] Connection OK
[2026-03-19 22:02:44] Connection OK
[2026-03-19 22:02:54] Connection OK
[2026-03-19 22:03:04] Connection OK
[2026-03-19 22:03:14] Connection OK
[2026-03-19 22:03:24] Connection OK
[2026-03-19 22:03:34] Connection OK
[2026-03-19 22:03:44] Connection OK
[2026-03-19 22:03:54] Connection OK
[2026-03-19 22:04:04] Connection OK
[2026-03-19 22:04:14] Connection OK
[2026-03-19 22:04:24] Connection OK
[2026-03-19 22:04:34] Connection OK
[2026-03-19 22:04:44] Connection OK
[2026-03-19 22:04:54] Connection OK
[2026-03-19 22:05:04] Connection OK
[2026-03-19 22:05:14] Connection OK
[2026-03-19 22:05:24] Connection OK
[2026-03-19 22:05:35] Connection OK
[2026-03-19 22:05:45] Connection OK
[2026-03-19 22:05:55] Connection OK
[2026-03-19 22:06:05] Connection OK
[2026-03-19 22:06:15] Connection OK
[2026-03-19 22:06:25] Connection OK
[2026-03-19 22:06:35] Connection OK
[2026-03-19 22:06:45] Connection OK
[2026-03-19 22:06:55] Connection OK
[2026-03-19 22:07:05] Connection OK
[2026-03-19 22:07:15] Connection OK
[2026-03-19 22:07:25] Connection OK
[2026-03-19 22:07:35] Connection OK
[2026-03-19 22:07:45] Connection OK
[2026-03-19 22:07:55] Connection OK
[2026-03-19 22:08:05] Connection OK
[2026-03-19 22:08:15] Connection OK
[2026-03-19 22:08:25] Connection OK
[2026-03-19 22:08:35] Connection OK
[2026-03-19 22:08:45] Connection OK
[2026-03-19 22:08:55] Connection OK
[2026-03-19 22:09:05] Connection OK
[2026-03-19 22:09:15] Connection OK
[2026-03-19 22:09:25] Connection OK
[2026-03-19 22:09:35] Connection OK
[2026-03-19 22:09:45] Connection OK
[2026-03-19 22:09:55] Connection OK
[2026-03-19 22:10:05] Connection OK
[2026-03-19 22:10:15] Connection OK
[2026-03-19 22:10:25] Connection OK
[2026-03-19 22:10:35] Connection OK
[2026-03-19 22:10:45] Connection OK
[2026-03-19 22:10:55] Connection OK
[2026-03-19 22:11:05] Connection OK
[2026-03-19 22:11:15] Connection OK
[2026-03-19 22:11:25] Connection OK
[2026-03-19 22:11:35] Connection OK
[2026-03-19 22:11:45] Connection OK
[2026-03-19 22:11:55] Connection OK
[2026-03-19 22:12:05] Connection OK
[2026-03-19 22:12:15] Connection OK
[2026-03-19 22:12:25] Connection OK
[2026-03-19 22:12:35] Connection OK
[2026-03-19 22:12:45] Connection OK
[2026-03-19 22:12:55] Connection OK
[2026-03-19 22:13:06] Connection OK
[2026-03-19 22:13:16] Connection OK
[2026-03-19 22:13:26] Connection OK
[2026-03-19 22:13:36] Connection OK
[2026-03-19 22:13:46] Connection OK
[2026-03-19 22:13:56] Connection OK
[2026-03-19 22:14:06] Connection OK
[2026-03-19 22:14:16] Connection OK
[2026-03-19 22:14:26] Connection OK
[2026-03-19 22:14:36] Connection OK
[2026-03-19 22:14:46] Connection OK
[2026-03-19 22:14:56] Connection OK
[2026-03-19 22:15:06] Connection OK
[2026-03-19 22:15:16] Connection OK
[2026-03-19 22:15:26] Connection OK
[2026-03-19 22:15:36] Connection OK
[2026-03-19 22:15:46] Connection OK
[2026-03-19 22:15:56] Connection OK
[2026-03-19 22:16:06] Connection OK
[2026-03-19 22:16:16] Connection OK
[2026-03-19 22:16:26] Connection OK
[2026-03-19 22:16:36] Connection OK
[2026-03-19 22:16:46] Connection OK
[2026-03-19 22:16:56] Connection OK
[2026-03-19 22:17:06] Connection OK
[2026-03-19 22:17:16] Connection OK
[2026-03-19 22:17:26] Connection OK
[2026-03-19 22:17:36] Connection OK
[2026-03-19 22:17:46] Connection OK
[2026-03-19 22:17:56] Connection OK
[2026-03-19 22:18:06] Connection OK
[2026-03-19 22:18:16] Connection OK
[2026-03-19 22:18:26] Connection OK
[2026-03-19 22:18:36] Connection OK
[2026-03-19 22:18:46] Connection OK
[2026-03-19 22:18:56] Connection OK
[2026-03-19 22:19:06] Connection OK
[2026-03-19 22:19:16] Connection OK
[2026-03-19 22:19:26] Connection OK
[2026-03-19 22:19:36] Connection OK
[2026-03-19 22:19:46] Connection OK
[2026-03-19 22:19:56] Connection OK
[2026-03-19 22:20:06] Connection OK
[2026-03-19 22:20:17] Connection OK
[2026-03-19 22:20:27] Connection OK
[2026-03-19 22:20:37] Connection OK
[2026-03-19 22:20:47] Connection OK
[2026-03-19 22:20:57] Connection OK
[2026-03-19 22:21:07] Connection OK
[2026-03-19 22:21:17] Connection OK
[2026-03-19 22:21:27] Connection OK
[2026-03-19 22:21:37] Connection OK
[2026-03-19 22:21:47] Connection OK
[2026-03-19 22:21:57] Connection OK
